<?xml version="1.0" encoding="UTF-8"?>
<!-- Generated by org.testng.reporters.JUnitXMLReporter -->
<testsuite ignored="0" hostname="LAPTOP-GVOBNBCQ" failures="1" tests="6" name="Default test" time="17.783" errors="0" timestamp="2025-01-15T19:16:46 IST">
  <testcase classname="io.cucumber.testng.AbstractTestNGCucumberTests" name="runScenario" time="4.298"/>
  <testcase classname="io.cucumber.testng.AbstractTestNGCucumberTests" name="runScenario" time="5.008"/>
  <testcase classname="io.cucumber.testng.AbstractTestNGCucumberTests" name="runScenario" time="0.792"/>
  <testcase classname="io.cucumber.testng.AbstractTestNGCucumberTests" name="runScenario" time="2.12"/>
  <testcase classname="io.cucumber.testng.AbstractTestNGCucumberTests" name="runScenario" time="0.299">
    <failure type="java.lang.NullPointerException" message="Cannot invoke &amp;quot;org.openqa.selenium.WebDriver.switchTo()&amp;quot; because &amp;quot;this.driver&amp;quot; is null">
      <![CDATA[java.lang.NullPointerException: Cannot invoke "org.openqa.selenium.WebDriver.switchTo()" because "this.driver" is null
at pages.ArticlePage.deleteArticle(ArticlePage.java:103)
at stepDefs.ArticleStep.user_delete_article(ArticleStep.java:96)
at ✽.User Delete article(file:///C:/Users/Vineet/git/FinalProject/src/test/resources/features/conduit.feature:30)
]]>
    </failure>
  </testcase> <!-- runScenario -->
  <testcase classname="runner.MyTestRunner" name="f" time="0.0"/>
</testsuite> <!-- Default test -->
