<?xml version="1.0" encoding="UTF-8"?>
<testng-results ignored="0" total="6" passed="6" failed="0" skipped="0">
  <reporter-output>
  </reporter-output>
  <suite started-at="2025-01-15T19:59:49 IST" name="Default suite" finished-at="2025-01-15T20:00:08 IST" duration-ms="18850">
    <groups>
      <group name="cucumber">
        <method signature="AbstractTestNGCucumberTests.runScenario(io.cucumber.testng.PickleWrapper,io.cucumber.testng.FeatureWrapper)[pri:0, instance:runner.MyTestRunner@53fe15ff]" name="runScenario" class="io.cucumber.testng.AbstractTestNGCucumberTests"/>
      </group> <!-- cucumber -->
    </groups>
    <test started-at="2025-01-15T19:59:49 IST" name="Default test" finished-at="2025-01-15T20:00:08 IST" duration-ms="18850">
      <class name="runner.MyTestRunner">
        <test-method is-config="true" signature="setUpClass(org.testng.ITestContext)[pri:0, instance:runner.MyTestRunner@53fe15ff]" started-at="2025-01-15T19:59:50 IST" name="setUpClass" finished-at="2025-01-15T19:59:54 IST" duration-ms="4450" status="PASS">
          <params>
            <param index="0">
              <value>
                <![CDATA[org.testng.TestRunner@6dc1dc69]]>
              </value>
            </param>
          </params>
          <reporter-output>
          </reporter-output>
        </test-method> <!-- setUpClass -->
        <test-method signature="runScenario(io.cucumber.testng.PickleWrapper,io.cucumber.testng.FeatureWrapper)[pri:0, instance:runner.MyTestRunner@53fe15ff]" started-at="2025-01-15T19:59:54 IST" name="runScenario" description="Runs Cucumber Scenarios" data-provider="scenarios" finished-at="2025-01-15T20:00:00 IST" duration-ms="5803" status="PASS">
          <params>
            <param index="0">
              <value>
                <![CDATA["Login into App"]]>
              </value>
            </param>
            <param index="1">
              <value>
                <![CDATA["Conduit CRUD Functions"]]>
              </value>
            </param>
          </params>
          <reporter-output>
          </reporter-output>
        </test-method> <!-- runScenario -->
        <test-method signature="runScenario(io.cucumber.testng.PickleWrapper,io.cucumber.testng.FeatureWrapper)[pri:0, instance:runner.MyTestRunner@53fe15ff]" started-at="2025-01-15T20:00:00 IST" name="runScenario" description="Runs Cucumber Scenarios" data-provider="scenarios" finished-at="2025-01-15T20:00:05 IST" duration-ms="5097" status="PASS">
          <params>
            <param index="0">
              <value>
                <![CDATA["Create new Article"]]>
              </value>
            </param>
            <param index="1">
              <value>
                <![CDATA["Conduit CRUD Functions"]]>
              </value>
            </param>
          </params>
          <reporter-output>
          </reporter-output>
        </test-method> <!-- runScenario -->
        <test-method signature="runScenario(io.cucumber.testng.PickleWrapper,io.cucumber.testng.FeatureWrapper)[pri:0, instance:runner.MyTestRunner@53fe15ff]" started-at="2025-01-15T20:00:05 IST" name="runScenario" description="Runs Cucumber Scenarios" data-provider="scenarios" finished-at="2025-01-15T20:00:06 IST" duration-ms="983" status="PASS">
          <params>
            <param index="0">
              <value>
                <![CDATA["View Article"]]>
              </value>
            </param>
            <param index="1">
              <value>
                <![CDATA["Conduit CRUD Functions"]]>
              </value>
            </param>
          </params>
          <reporter-output>
          </reporter-output>
        </test-method> <!-- runScenario -->
        <test-method signature="runScenario(io.cucumber.testng.PickleWrapper,io.cucumber.testng.FeatureWrapper)[pri:0, instance:runner.MyTestRunner@53fe15ff]" started-at="2025-01-15T20:00:06 IST" name="runScenario" description="Runs Cucumber Scenarios" data-provider="scenarios" finished-at="2025-01-15T20:00:08 IST" duration-ms="2096" status="PASS">
          <params>
            <param index="0">
              <value>
                <![CDATA["Update an Article"]]>
              </value>
            </param>
            <param index="1">
              <value>
                <![CDATA["Conduit CRUD Functions"]]>
              </value>
            </param>
          </params>
          <reporter-output>
          </reporter-output>
        </test-method> <!-- runScenario -->
        <test-method signature="runScenario(io.cucumber.testng.PickleWrapper,io.cucumber.testng.FeatureWrapper)[pri:0, instance:runner.MyTestRunner@53fe15ff]" started-at="2025-01-15T20:00:08 IST" name="runScenario" description="Runs Cucumber Scenarios" data-provider="scenarios" finished-at="2025-01-15T20:00:08 IST" duration-ms="179" status="PASS">
          <params>
            <param index="0">
              <value>
                <![CDATA["Delete an Article"]]>
              </value>
            </param>
            <param index="1">
              <value>
                <![CDATA["Conduit CRUD Functions"]]>
              </value>
            </param>
          </params>
          <reporter-output>
          </reporter-output>
        </test-method> <!-- runScenario -->
        <test-method signature="f()[pri:0, instance:runner.MyTestRunner@53fe15ff]" started-at="2025-01-15T20:00:08 IST" name="f" finished-at="2025-01-15T20:00:08 IST" duration-ms="2" status="PASS">
          <reporter-output>
          </reporter-output>
        </test-method> <!-- f -->
        <test-method is-config="true" signature="tearDownClass()[pri:0, instance:runner.MyTestRunner@53fe15ff]" started-at="2025-01-15T20:00:08 IST" name="tearDownClass" finished-at="2025-01-15T20:00:08 IST" duration-ms="158" status="PASS">
          <reporter-output>
          </reporter-output>
        </test-method> <!-- tearDownClass -->
      </class> <!-- runner.MyTestRunner -->
    </test> <!-- Default test -->
  </suite> <!-- Default suite -->
</testng-results>
