<?xml version="1.0" encoding="UTF-8"?>
<!-- Generated by org.testng.reporters.JUnitReportReporter -->
<testsuite hostname="LAPTOP-GVOBNBCQ" failures="0" tests="6" name="runner.MyTestRunner" time="12.517" errors="1" timestamp="2025-01-15T19:16:47 IST" skipped="0">
  <testcase classname="runner.MyTestRunner" name="runScenario" time="5.008"/>
  <system-out/>
  <testcase classname="runner.MyTestRunner" name="runScenario" time="2.120"/>
  <system-out/>
  <testcase classname="runner.MyTestRunner" name="runScenario" time="0.792"/>
  <system-out/>
  <testcase classname="runner.MyTestRunner" name="f" time="0.000"/>
  <system-out/>
  <testcase classname="runner.MyTestRunner" name="runScenario" time="4.298"/>
  <system-out/>
  <testcase classname="runner.MyTestRunner" name="runScenario" time="0.299">
    <error message="Cannot invoke &quot;org.openqa.selenium.WebDriver.switchTo()&quot; because &quot;this.driver&quot; is null" type="java.lang.NullPointerException">
      <![CDATA[java.lang.NullPointerException: Cannot invoke "org.openqa.selenium.WebDriver.switchTo()" because "this.driver" is null
at pages.ArticlePage.deleteArticle(ArticlePage.java:103)
at stepDefs.ArticleStep.user_delete_article(ArticleStep.java:96)
at ✽.User Delete article(file:///C:/Users/Vineet/git/FinalProject/src/test/resources/features/conduit.feature:30)
]]>
    </error>
  </testcase> <!-- runScenario -->
  <system-out/>
</testsuite> <!-- runner.MyTestRunner -->
